<?xml version="1.0" encoding="UTF-8"?>
<!-- Generated by org.testng.reporters.JUnitReportReporter -->
<testsuite hostname="LAPTOP-JAJCEFIR" failures="0" tests="6" name="com.spicejet._spicejet.AppTest" time="58.827" errors="0" timestamp="2021-05-22T18:36:48 IST" skipped="0">
  <testcase classname="com.spicejet._spicejet.AppTest" name="t1" time="27.276"/>
  <system-out/>
  <testcase classname="com.spicejet._spicejet.AppTest" name="t2" time="5.167"/>
  <system-out/>
  <testcase classname="com.spicejet._spicejet.AppTest" name="t3" time="4.279"/>
  <system-out/>
  <testcase classname="com.spicejet._spicejet.AppTest" name="t4" time="4.358"/>
  <system-out/>
  <testcase classname="com.spicejet._spicejet.AppTest" name="t5" time="17.724"/>
  <system-out/>
  <testcase classname="com.spicejet._spicejet.AppTest" name="t6" time="0.023"/>
  <system-out/>
</testsuite> <!-- com.spicejet._spicejet.AppTest -->
